<?xml version="1.0" encoding="UTF-8"?>
<!-- Generated by org.testng.reporters.JUnitReportReporter -->
<testsuite skipped="0" hostname="LAPTOP-N9UP1OBF" name="task" tests="4" failures="0" timestamp="29 May 2023 05:58:28 GMT" time="62.239" errors="0">
  <testcase name="login" time="5.550" classname="task"/>
  <testcase name="AnalyticsandReports" time="17.321" classname="task"/>
  <testcase name="Addstudentdata" time="34.768" classname="task"/>
  <testcase name="Editdata" time="4.600" classname="task"/>
</testsuite> <!-- task -->
